<?xml version="1.0" encoding="UTF-8"?>
<!-- Generated by org.testng.reporters.JUnitReportReporter -->
<testsuite hostname="NDI-LAP-109" failures="0" tests="3" name="ExecuteTestCase.Assignment" time="74.629" errors="0" timestamp="2022-01-21T01:29:44 IST" skipped="0">
  <testcase classname="ExecuteTestCase.Assignment" name="second" time="18.523"/>
  <system-out/>
  <testcase classname="ExecuteTestCase.Assignment" name="first" time="7.379"/>
  <system-out/>
  <testcase classname="ExecuteTestCase.Assignment" name="third" time="48.727"/>
  <system-out/>
</testsuite> <!-- ExecuteTestCase.Assignment -->
